c:\users\student\desktop\andreea\lab7\opengl_4_application_vs2013\opengl_4_application_vs2013\release\opengl_4_application_vs2013.pch
c:\users\student\desktop\andreea\lab7\opengl_4_application_vs2013\opengl_4_application_vs2013\release\vc120.pdb
c:\users\student\desktop\andreea\lab7\opengl_4_application_vs2013\opengl_4_application_vs2013\release\stdafx.obj
c:\users\student\desktop\andreea\lab7\opengl_4_application_vs2013\opengl_4_application_vs2013\release\shader.obj
c:\users\student\desktop\andreea\lab7\opengl_4_application_vs2013\opengl_4_application_vs2013\release\opengl_4_application_vs2013.obj
c:\users\student\desktop\andreea\lab7\opengl_4_application_vs2013\opengl_4_application_vs2013\release\model3d.obj
c:\users\student\desktop\andreea\lab7\opengl_4_application_vs2013\opengl_4_application_vs2013\release\mesh.obj
c:\users\student\desktop\andreea\lab7\opengl_4_application_vs2013\opengl_4_application_vs2013\release\camera.obj
c:\users\student\desktop\andreea\lab7\opengl_4_application_vs2013\opengl_4_application_vs2013\release\stb_image.obj
c:\users\student\desktop\lab7\lab7\opengl_4_application_vs2013\opengl_4_application_vs2013\release\opengl_4_application_vs2013.pch
c:\users\student\desktop\lab7\lab7\opengl_4_application_vs2013\opengl_4_application_vs2013\release\vc120.pdb
c:\users\student\desktop\lab7\lab7\opengl_4_application_vs2013\opengl_4_application_vs2013\release\stdafx.obj
c:\users\student\desktop\lab7\lab7\opengl_4_application_vs2013\opengl_4_application_vs2013\release\shader.obj
c:\users\student\desktop\lab7\lab7\opengl_4_application_vs2013\opengl_4_application_vs2013\release\opengl_4_application_vs2013.obj
c:\users\student\desktop\lab7\lab7\opengl_4_application_vs2013\opengl_4_application_vs2013\release\model3d.obj
c:\users\student\desktop\lab7\lab7\opengl_4_application_vs2013\opengl_4_application_vs2013\release\mesh.obj
c:\users\student\desktop\lab7\lab7\opengl_4_application_vs2013\opengl_4_application_vs2013\release\camera.obj
c:\users\student\desktop\lab7\lab7\opengl_4_application_vs2013\opengl_4_application_vs2013\release\stb_image.obj
c:\users\student\desktop\andreea\lab7\opengl_4_application_vs2013\release\opengl_4_application_vs2013.exe
c:\users\student\desktop\andreea\lab7\opengl_4_application_vs2013\release\opengl_4_application_vs2013.pdb
c:\users\student\desktop\lab7\lab7\opengl_4_application_vs2013\release\opengl_4_application_vs2013.exe
c:\users\student\desktop\lab7\lab7\opengl_4_application_vs2013\release\opengl_4_application_vs2013.pdb
c:\users\student\desktop\lab7\lab7\opengl_4_application_vs2013\opengl_4_application_vs2013\release\opengl_4.6d9edbf6.tlog\cl.command.1.tlog
c:\users\student\desktop\lab7\lab7\opengl_4_application_vs2013\opengl_4_application_vs2013\release\opengl_4.6d9edbf6.tlog\cl.read.1.tlog
c:\users\student\desktop\lab7\lab7\opengl_4_application_vs2013\opengl_4_application_vs2013\release\opengl_4.6d9edbf6.tlog\cl.write.1.tlog
c:\users\student\desktop\lab7\lab7\opengl_4_application_vs2013\opengl_4_application_vs2013\release\opengl_4.6d9edbf6.tlog\link.command.1.tlog
c:\users\student\desktop\lab7\lab7\opengl_4_application_vs2013\opengl_4_application_vs2013\release\opengl_4.6d9edbf6.tlog\link.read.1.tlog
c:\users\student\desktop\lab7\lab7\opengl_4_application_vs2013\opengl_4_application_vs2013\release\opengl_4.6d9edbf6.tlog\link.write.1.tlog
