Build started 27.11.2019 09:09:38.
     1>Project "D:\Student\30234\Adam Cristina\Laborator9STIU CA IL VREI\Laborator10\OpenGL_4_Application_VS2013\OpenGL_4_Application_VS2013.vcxproj" on node 2 (Build target(s)).
     1>ClCompile:
         C:\Program Files (x86)\Microsoft Visual Studio 12.0\VC\bin\CL.exe /c /ZI /nologo /W3 /WX- /sdl /Od /Oy- /D WIN32 /D _DEBUG /D _CONSOLE /D _LIB /D _UNICODE /D UNICODE /Gm /EHsc /RTC1 /MDd /GS /fp:precise /Zc:wchar_t /Zc:forScope /Yc"stdafx.h" /Fp"Debug\OpenGL_4_Application_VS2013.pch" /Fo"Debug\\" /Fd"Debug\vc120.pdb" /Gd /TP /analyze- /errorReport:prompt stdafx.cpp
         stdafx.cpp
         C:\Program Files (x86)\Microsoft Visual Studio 12.0\VC\bin\CL.exe /c /ZI /nologo /W3 /WX- /sdl /Od /Oy- /D WIN32 /D _DEBUG /D _CONSOLE /D _LIB /D _UNICODE /D UNICODE /Gm /EHsc /RTC1 /MDd /GS /fp:precise /Zc:wchar_t /Zc:forScope /Fo"Debug\\" /Fd"Debug\vc120.pdb" /Gd /TP /analyze- /errorReport:prompt Camera.cpp Mesh.cpp Model3D.cpp OpenGL_4_Application_VS2013.cpp Shader.cpp SkyBox.cpp
         SkyBox.cpp
         Shader.cpp
         OpenGL_4_Application_VS2013.cpp
         Model3D.cpp
     1>d:\student\30234\adam cristina\laborator9stiu ca il vrei\laborator10\opengl_4_application_vs2013\model3d.cpp(32): warning C4018: '<' : signed/unsigned mismatch
     1>d:\student\30234\adam cristina\laborator9stiu ca il vrei\laborator10\opengl_4_application_vs2013\model3d.cpp(73): warning C4018: '<' : signed/unsigned mismatch
     1>d:\student\30234\adam cristina\laborator9stiu ca il vrei\laborator10\opengl_4_application_vs2013\model3d.cpp(154): warning C4018: '<' : signed/unsigned mismatch
         Mesh.cpp
         Camera.cpp
         Generating Code...
         C:\Program Files (x86)\Microsoft Visual Studio 12.0\VC\bin\CL.exe /c /ZI /nologo /W3 /WX- /sdl /Od /Oy- /D WIN32 /D _DEBUG /D _CONSOLE /D _LIB /D _UNICODE /D UNICODE /Gm /EHsc /RTC1 /MDd /GS /fp:precise /Zc:wchar_t /Zc:forScope /Fo"Debug\\" /Fd"Debug\vc120.pdb" /Gd /TC /analyze- /errorReport:prompt stb_image.c
         stb_image.c
     1>d:\student\30234\adam cristina\laborator9stiu ca il vrei\laborator10\opengl_4_application_vs2013\stb_image.c(228): error C4996: 'fopen': This function or variable may be unsafe. Consider using fopen_s instead. To disable deprecation, use _CRT_SECURE_NO_WARNINGS. See online help for details.
                 c:\program files (x86)\microsoft visual studio 12.0\vc\include\stdio.h(211) : see declaration of 'fopen'
     1>Done Building Project "D:\Student\30234\Adam Cristina\Laborator9STIU CA IL VREI\Laborator10\OpenGL_4_Application_VS2013\OpenGL_4_Application_VS2013.vcxproj" (Build target(s)) -- FAILED.

Build FAILED.

Time Elapsed 00:00:03.97
